MPASM  5.31                         TPARQ.ASM   2-22-2021  17:06:03         PAGE  1


LOC  OBJECT CODE     LINE SOURCE TEXT
  VALUE

                      00001 #include <p16f628a.inc>
                      00001         LIST
                      00002 ; P16F628A.INC  Standard Header File, Version 1.10    Microchip Technology, Inc.
                      00265         LIST
                      00266 
                      00002 
                      00003 #DEFINE PULSADOR PORTB,0                ;se define al pulsador como pin 0 del puertob
                      00004 #DEFINE LED1     PORTB,1                ;idem, pin1
                      00005 #DEFINE LED2     PORTB,2                ;idem, pin2
                      00006 
                      00007                 org     0x00                    ;comienzo del programa en dir. 0
0000   2???           00008                 goto    INICIO                  
                      00009 ;------------subrturina de Interrupcion-------------------
                      00010                 org             0x04 
0004   138B           00011                 bcf             INTCON,GIE              ;desactiva interrupciones globales
0005   1C8B           00012                 btfss   INTCON,INTF
0006   2???           00013                 GOTO    SALE
0007   1C86           00014                 btfss   LED1
0008   2???           00015                 goto    LED1_APAGADO
0009   2???           00016                 goto    LED1_PRENDIDO
                      00017 
000A                  00018 LED1_APAGADO
000A   1906           00019                 btfsc   LED2
000B   2???           00020                 goto    APAGAR_LED2
000C   2???           00021                 goto    ENCENDER_LED1 ;00;prender led 1         
000D                  00022 LED1_PRENDIDO
000D   1906           00023                 btfsc   LED2
000E   2???           00024                 goto    APAGAR_LED1
000F   2???           00025                 goto    ENCENDER_LED2   
                      00026 
0010                  00027 ENCENDER_LED1
0010   1486           00028                 bsf             LED1                    ;se enciende el led1
0011   2???           00029                 goto    SALE
                      00030 
0012                  00031 APAGAR_LED1
0012   1086           00032                 bcf             LED1                    ;se apaga led1
0013   2???           00033                 goto    SALE
                      00034 
0014                  00035 ENCENDER_LED2
0014   1506           00036                 bsf             LED2            
0015   2???           00037                 goto    SALE
                      00038 
0016                  00039 APAGAR_LED2
0016   1106           00040                 bcf             LED2
0017   2???           00041                 goto    SALE
0018                  00042 SALE    
0018   178B           00043                 bsf             INTCON,GIE
0019   108B           00044                 BCF             INTCON,INTF
                      00045 
001A   0009           00046                 RETFIE
                      00047                                 ;fin interrupción
                      00048 
                      00049 ;------------programa principal--------------
MPASM  5.31                         TPARQ.ASM   2-22-2021  17:06:03         PAGE  2


LOC  OBJECT CODE     LINE SOURCE TEXT
  VALUE

001B                  00050 INICIO
001B   1683           00051                 bsf     STATUS,RP0              ;selección banco 1 mem.
Message[302]: Register in operand not in bank 0.  Ensure that bank bits are correct.
001C   1381           00052                 bcf     OPTION_REG,NOT_RBPU;se activan pull-ups del pic
001D   3001           00053                 movlw   b'00000001'
Message[302]: Register in operand not in bank 0.  Ensure that bank bits are correct.
001E   0086           00054                 movwf   TRISB                   ;se pone como entrada el bit0 
001F   1283           00055                 bcf             STATUS,RP0              ;selección banco 0 mem.
0020   1006           00056                 bcf             PULSADOR                ;se pone en 0 bit 0 PORTB
0021   1086           00057                 bcf             LED1                    ;se apaga el led1
0022   1106           00058                 bcf             LED2                    ;idem led2
0023   3090           00059                 movlw   b'10010000'
0024   008B           00060                 movwf   INTCON          ;habilita las interrupciones GIE(global) Y INT(RP0)
0025   2???           00061                 goto    $
                      00062                 end
MPASM  5.31                         TPARQ.ASM   2-22-2021  17:06:03         PAGE  3


SYMBOL TABLE
  LABEL                             VALUE 

ADEN                              00000003
APAGAR_LED1                       00000012
APAGAR_LED2                       00000016
BRGH                              00000002
C                                 00000000
C1INV                             00000004
C1OUT                             00000006
C2INV                             00000005
C2OUT                             00000007
CCP1CON                           00000017
CCP1IE                            00000002
CCP1IF                            00000002
CCP1M0                            00000000
CCP1M1                            00000001
CCP1M2                            00000002
CCP1M3                            00000003
CCP1X                             00000005
CCP1Y                             00000004
CCPR1H                            00000016
CCPR1L                            00000015
CIS                               00000003
CM0                               00000000
CM1                               00000001
CM2                               00000002
CMCON                             0000001F
CMIE                              00000006
CMIF                              00000006
CREN                              00000004
CSRC                              00000007
DC                                00000001
EEADR                             0000009B
EECON1                            0000009C
EECON2                            0000009D
EEDATA                            0000009A
EEIE                              00000007
EEIF                              00000007
ENCENDER_LED1                     00000010
ENCENDER_LED2                     00000014
F                                 00000001
FERR                              00000002
FSR                               00000004
GIE                               00000007
INDF                              00000000
INICIO                            0000001B
INTCON                            0000000B
INTE                              00000004
INTEDG                            00000006
INTF                              00000001
IRP                               00000007
LED1                              PORTB,1
LED1_APAGADO                      0000000A
LED1_PRENDIDO                     0000000D
LED2                              PORTB,2
MPASM  5.31                         TPARQ.ASM   2-22-2021  17:06:03         PAGE  4


SYMBOL TABLE
  LABEL                             VALUE 

NOT_BO                            00000000
NOT_BOD                           00000000
NOT_BOR                           00000000
NOT_PD                            00000003
NOT_POR                           00000001
NOT_RBPU                          00000007
NOT_T1SYNC                        00000002
NOT_TO                            00000004
OERR                              00000001
OPTION_REG                        00000081
OSCF                              00000003
PCL                               00000002
PCLATH                            0000000A
PCON                              0000008E
PEIE                              00000006
PIE1                              0000008C
PIR1                              0000000C
PORTA                             00000005
PORTB                             00000006
PR2                               00000092
PS0                               00000000
PS1                               00000001
PS2                               00000002
PSA                               00000003
PULSADOR                          PORTB,0
RBIE                              00000003
RBIF                              00000000
RCIE                              00000005
RCIF                              00000005
RCREG                             0000001A
RCSTA                             00000018
RD                                00000000
RP0                               00000005
RP1                               00000006
RX9                               00000006
RX9D                              00000000
SALE                              00000018
SPBRG                             00000099
SPEN                              00000007
SREN                              00000005
STATUS                            00000003
SYNC                              00000004
T0CS                              00000005
T0IE                              00000005
T0IF                              00000002
T0SE                              00000004
T1CKPS0                           00000004
T1CKPS1                           00000005
T1CON                             00000010
T1OSCEN                           00000003
T2CKPS0                           00000000
T2CKPS1                           00000001
T2CON                             00000012
MPASM  5.31                         TPARQ.ASM   2-22-2021  17:06:03         PAGE  5


SYMBOL TABLE
  LABEL                             VALUE 

TMR0                              00000001
TMR1CS                            00000001
TMR1H                             0000000F
TMR1IE                            00000000
TMR1IF                            00000000
TMR1L                             0000000E
TMR1ON                            00000000
TMR2                              00000011
TMR2IE                            00000001
TMR2IF                            00000001
TMR2ON                            00000002
TOUTPS0                           00000003
TOUTPS1                           00000004
TOUTPS2                           00000005
TOUTPS3                           00000006
TRISA                             00000085
TRISB                             00000086
TRMT                              00000001
TX9                               00000006
TX9D                              00000000
TXEN                              00000005
TXIE                              00000004
TXIF                              00000004
TXREG                             00000019
TXSTA                             00000098
VR0                               00000000
VR1                               00000001
VR2                               00000002
VR3                               00000003
VRCON                             0000009F
VREN                              00000007
VROE                              00000006
VRR                               00000005
W                                 00000000
WR                                00000001
WREN                              00000002
WRERR                             00000003
Z                                 00000002
_.org_1_0025                      00000025
_BODEN_OFF                        00003FBF
_BODEN_ON                         00003FFF
_BOREN_OFF                        00003FBF
_BOREN_ON                         00003FFF
_CP_OFF                           00003FFF
_CP_ON                            00001FFF
_DATA_CP_OFF                      00003FFF
_DATA_CP_ON                       00003EFF
_ER_OSC_CLKOUT                    00003FFF
_ER_OSC_NOCLKOUT                  00003FFE
_EXTCLK_OSC                       00003FEF
_HS_OSC                           00003FEE
_INTOSC_OSC_CLKOUT                00003FFD
_INTOSC_OSC_NOCLKOUT              00003FFC
MPASM  5.31                         TPARQ.ASM   2-22-2021  17:06:03         PAGE  6


SYMBOL TABLE
  LABEL                             VALUE 

_INTRC_OSC_CLKOUT                 00003FFD
_INTRC_OSC_NOCLKOUT               00003FFC
_LP_OSC                           00003FEC
_LVP_OFF                          00003F7F
_LVP_ON                           00003FFF
_MCLRE_OFF                        00003FDF
_MCLRE_ON                         00003FFF
_PWRTE_OFF                        00003FFF
_PWRTE_ON                         00003FF7
_RC_OSC_CLKOUT                    00003FFF
_RC_OSC_NOCLKOUT                  00003FFE
_WDT_OFF                          00003FFB
_WDT_ON                           00003FFF
_XT_OSC                           00003FED
__16F628A                         00000001
__DEBUG                           1

Errors   :     0
Warnings :     0 reported,     0 suppressed
Messages :     2 reported,     0 suppressed

