MPASM  5.31                      UNTITLED.ASM   2-23-2021  1:03:56         PAGE  1


LOC  OBJECT CODE     LINE SOURCE TEXT
  VALUE

                      00001 #include <p16f628a.inc>
                      00001         LIST
                      00002 ; P16F628A.INC  Standard Header File, Version 1.10    Microchip Technology, Inc.
                      00265         LIST
                      00266 
Warning[205]: Found directive in column 1. (list)
                      00002 list p=16f628a
                      00003 
                      00004 #DEFINE PULSADOR PORTB,0                ;se define al pulsador como pin 0 del puertob
                      00005 #DEFINE LED1     PORTB,1                ;idem, pin1
                      00006 #DEFINE LED2     PORTB,2                ;idem, pin2
                      00007 
  000000FA            00008 CONT    equ             .250
                      00009 
                      00010                 org     0x00                    ;comienzo del programa en dir. 0
0000   2???           00011                 goto    INICIO                  
                      00012 
                      00013 ;------------subrturina de Interrupcion------------------- 
0001                  00014 ENCENDIDO
                      00015                 org             0x04                    ;dir. comienzo de rutina 
0004   1283           00016                 bcf             STATUS,RP0              ;selección banco 0 de mem.
0005   138B           00017                 bcf             INTCON,GIE              ;se inhabilitan interrupciones globales
0006   120B           00018                 bcf             INTCON,INTE             ;idem, para RB0         
0007   1406           00019                 bsf             PULSADOR                ;se pone en 1 el bit 0 del PORTB         
0008   1486           00020                 bsf             LED1                    ;se enciende led1
0009   1506           00021                 bsf             LED2                    ;idem led2
000A   178B           00022                 bsf             INTCON,GIE              ;se habilitan interrupciones globales
000B   1806           00023                 btfsc   PULSADOR                ;¿se presiono el pulsador?
000C   2804           00024                 goto    0X04                    ;no, vuelve a ENCENDIDO
000D   2???           00025                 goto    INICIO                  ;sí, va a inicio
000E   0008           00026                 return
                      00027 ;------------programa principal--------------
000F                  00028 INICIO
000F   1683           00029                 bsf     STATUS,RP0              ;selección banco 1 mem.
Message[302]: Register in operand not in bank 0.  Ensure that bank bits are correct.
0010   1381           00030                 bcf     OPTION_REG,NOT_RBPU;se activan pull-ups del pic
0011   3001           00031                 movlw   b'00000001'
Message[302]: Register in operand not in bank 0.  Ensure that bank bits are correct.
0012   0086           00032                 movwf   TRISB                   ;se pone como entrada el bit0 
0013   1283           00033                 bcf             STATUS,RP0              ;selección banco 0 mem.
0014   1006           00034                 bcf             PULSADOR                ;se pone en 0 bit 0 PORTB
0015   1086           00035                 bcf             LED1                    ;se apaga el led1
0016   1106           00036                 bcf             LED2                    ;idem led2
0017   1C06           00037                 btfss   PULSADOR                ;¿el pulsador fue presionado?
0018   2???           00038                 goto    INICIO                  ;no, regreso a INICIO
0019   2???           00039                 call    ENCENDIDO               ;sí,llamada a sub-rutina
001A   3090           00040                 movlw   b'10010000'
001B   008B           00041                 movwf   INTCON          ;habilita las interrupciones GIE(global) Y INT(RP0)
001C   2???           00042                 goto    $
                      00043 
001D                  00044 DELAY_1ms       
001D   30FA           00045                 movlw   CONT
001E   0000           00046 LOOP    nop
MPASM  5.31                      UNTITLED.ASM   2-23-2021  1:03:56         PAGE  2


LOC  OBJECT CODE     LINE SOURCE TEXT
  VALUE

Message[302]: Register in operand not in bank 0.  Ensure that bank bits are correct.
001F   0B7A           00047                 decfsz  CONT,w
0020   2???           00048                 goto    LOOP
0021   0008           00049                 return  
                      00050 
0022                  00051 DELAY_250ms
0022   30FA           00052                 movlw   CONT    
0023   2???           00053 LOOP2   call    DELAY_1ms
Message[302]: Register in operand not in bank 0.  Ensure that bank bits are correct.
0024   0B7A           00054                 decfsz  CONT,w
0025   2???           00055                 goto    LOOP2
0026   0008           00056                 return
                      00057 
                      00058                 end     
MPASM  5.31                      UNTITLED.ASM   2-23-2021  1:03:56         PAGE  3


SYMBOL TABLE
  LABEL                             VALUE 

ADEN                              00000003
BRGH                              00000002
C                                 00000000
C1INV                             00000004
C1OUT                             00000006
C2INV                             00000005
C2OUT                             00000007
CCP1CON                           00000017
CCP1IE                            00000002
CCP1IF                            00000002
CCP1M0                            00000000
CCP1M1                            00000001
CCP1M2                            00000002
CCP1M3                            00000003
CCP1X                             00000005
CCP1Y                             00000004
CCPR1H                            00000016
CCPR1L                            00000015
CIS                               00000003
CM0                               00000000
CM1                               00000001
CM2                               00000002
CMCON                             0000001F
CMIE                              00000006
CMIF                              00000006
CONT                              000000FA
CREN                              00000004
CSRC                              00000007
DC                                00000001
DELAY_1ms                         0000001D
DELAY_250ms                       00000022
EEADR                             0000009B
EECON1                            0000009C
EECON2                            0000009D
EEDATA                            0000009A
EEIE                              00000007
EEIF                              00000007
ENCENDIDO                         00000001
F                                 00000001
FERR                              00000002
FSR                               00000004
GIE                               00000007
INDF                              00000000
INICIO                            0000000F
INTCON                            0000000B
INTE                              00000004
INTEDG                            00000006
INTF                              00000001
IRP                               00000007
LED1                              PORTB,1
LED2                              PORTB,2
LOOP                              0000001E
LOOP2                             00000023
MPASM  5.31                      UNTITLED.ASM   2-23-2021  1:03:56         PAGE  4


SYMBOL TABLE
  LABEL                             VALUE 

NOT_BO                            00000000
NOT_BOD                           00000000
NOT_BOR                           00000000
NOT_PD                            00000003
NOT_POR                           00000001
NOT_RBPU                          00000007
NOT_T1SYNC                        00000002
NOT_TO                            00000004
OERR                              00000001
OPTION_REG                        00000081
OSCF                              00000003
PCL                               00000002
PCLATH                            0000000A
PCON                              0000008E
PEIE                              00000006
PIE1                              0000008C
PIR1                              0000000C
PORTA                             00000005
PORTB                             00000006
PR2                               00000092
PS0                               00000000
PS1                               00000001
PS2                               00000002
PSA                               00000003
PULSADOR                          PORTB,0
RBIE                              00000003
RBIF                              00000000
RCIE                              00000005
RCIF                              00000005
RCREG                             0000001A
RCSTA                             00000018
RD                                00000000
RP0                               00000005
RP1                               00000006
RX9                               00000006
RX9D                              00000000
SPBRG                             00000099
SPEN                              00000007
SREN                              00000005
STATUS                            00000003
SYNC                              00000004
T0CS                              00000005
T0IE                              00000005
T0IF                              00000002
T0SE                              00000004
T1CKPS0                           00000004
T1CKPS1                           00000005
T1CON                             00000010
T1OSCEN                           00000003
T2CKPS0                           00000000
T2CKPS1                           00000001
T2CON                             00000012
TMR0                              00000001
MPASM  5.31                      UNTITLED.ASM   2-23-2021  1:03:56         PAGE  5


SYMBOL TABLE
  LABEL                             VALUE 

TMR1CS                            00000001
TMR1H                             0000000F
TMR1IE                            00000000
TMR1IF                            00000000
TMR1L                             0000000E
TMR1ON                            00000000
TMR2                              00000011
TMR2IE                            00000001
TMR2IF                            00000001
TMR2ON                            00000002
TOUTPS0                           00000003
TOUTPS1                           00000004
TOUTPS2                           00000005
TOUTPS3                           00000006
TRISA                             00000085
TRISB                             00000086
TRMT                              00000001
TX9                               00000006
TX9D                              00000000
TXEN                              00000005
TXIE                              00000004
TXIF                              00000004
TXREG                             00000019
TXSTA                             00000098
VR0                               00000000
VR1                               00000001
VR2                               00000002
VR3                               00000003
VRCON                             0000009F
VREN                              00000007
VROE                              00000006
VRR                               00000005
W                                 00000000
WR                                00000001
WREN                              00000002
WRERR                             00000003
Z                                 00000002
_.org_1_001C                      0000001C
_BODEN_OFF                        00003FBF
_BODEN_ON                         00003FFF
_BOREN_OFF                        00003FBF
_BOREN_ON                         00003FFF
_CP_OFF                           00003FFF
_CP_ON                            00001FFF
_DATA_CP_OFF                      00003FFF
_DATA_CP_ON                       00003EFF
_ER_OSC_CLKOUT                    00003FFF
_ER_OSC_NOCLKOUT                  00003FFE
_EXTCLK_OSC                       00003FEF
_HS_OSC                           00003FEE
_INTOSC_OSC_CLKOUT                00003FFD
_INTOSC_OSC_NOCLKOUT              00003FFC
_INTRC_OSC_CLKOUT                 00003FFD
MPASM  5.31                      UNTITLED.ASM   2-23-2021  1:03:56         PAGE  6


SYMBOL TABLE
  LABEL                             VALUE 

_INTRC_OSC_NOCLKOUT               00003FFC
_LP_OSC                           00003FEC
_LVP_OFF                          00003F7F
_LVP_ON                           00003FFF
_MCLRE_OFF                        00003FDF
_MCLRE_ON                         00003FFF
_PWRTE_OFF                        00003FFF
_PWRTE_ON                         00003FF7
_RC_OSC_CLKOUT                    00003FFF
_RC_OSC_NOCLKOUT                  00003FFE
_WDT_OFF                          00003FFB
_WDT_ON                           00003FFF
_XT_OSC                           00003FED
__16F628A                         00000001
__DEBUG                           1

Errors   :     0
Warnings :     1 reported,     0 suppressed
Messages :     4 reported,     0 suppressed

